Remove the-
Unable: The the-
The the the a the
The the
Invalid-@-@
% s:% s
A a a
A a a a a a a a a a a a a the
% s% s


Remove to
Remove-
A-@-@-and
% s% s:% s
Remove _ the
Cannot-@-@
A the a the
A the-@-@-
The:

The
Remove
The the a
The
You and and and
The and and and and and
The
The
A-@-@
%:% B:% B for% B
Remove-@-@
Edit the-
[
A
The
A a for for
New-@-@-@-@
The
% s to% s
The and and and and
The the
The
A for for the the the the.
Remove-
The-@-@-@-@-@-@-@-@-@-@-@-@-@-@-@-@-
The:%: '%:'%: '%:
% s:% s'% s'% s'% s'% s'.
A the the
The
% s:% s:% s
A a for for for
% [% s% s%


A
The:
The
A-


Remove
Play the-@-@-
Remove the the
_:
The the
The
Remove
_ _
Remove
Remove
The
Unable
The
A the a
Play-@-@
A-@-@
Invalid
%:%:%:%:
The the-@-@
A the the a the
A:% s:% s
A the the
The:% s
% s:% s
The
The the a the a the a the a the a the.
A to
The-@-@-@-@
The

You the the%.
The
A of a the a the a the a the
A the a
The::
Move to
Remove-@-@
The the the of the the of the the of.
The
The the and the and and and.
The
Invalid-
A the the the
The the
A-@-@-
A a the the the the and the and the and and
The and and:
The the the.
Remove-@-@
Unable
% s
_ _ _
[[[[[[[[[.
The
A a a for for for for for for for for for for for for
The-@-@-@-@-@-@-
The
A
A
The the the the of the the of.
The for for for the a for the
A for for-@-@
A the the the
Remove
A a a a the
Remove-
A-@-@
A the-@-@-@-@-
Unable
Play
The the is.
A a a a the
The
Remove
% s:% s:% s:% s:% s
A for for for for
A for for for
The the of the.
The:
::
Warning-
The the the the packages:
The
Install _ _ _
A-@-@:
A a
% s:% s
%:%:% B:% s:% s:% s
A a a a a a a a a a the the the the.
The the the the the
The of

-@-@-
%:%: '%:'%: '%:
Restore
Enable-of
The
% s:% s

Play
The the of the of.
Play
The:
A the
A the ace
The::
The the and and-
A
The the a the a the a the a the a the.
Remove-
The:%:%:% s
Remove to
The the the the keyboard the the to the.
A [[[[to [to to.
The
A
A a a a a a the-
Play to:.
The

The
The:% B:% s'% s'%.
A
% s% s
A a a a the a the a the a the a the a the

The
The
Remove
%
The
The the the the the the the.
A for for for
The:% s:% s
Remove the the the the
A-@-@
The
Play to
The for% s for% s
% s'% s'% s'% s'% s'% s
The the the
The the a the
A-@-@-
The
_ _
The the the the

% s% s% s

The-@-@ and
The

%::% s:% s:
The
And and and
A (a a a the
The
The for for for for
The
A-@-@-
Remove
A a-
Remove-
A
Remove and and
Cannot the-@-@
The
Remove
The
Unable to

A-@-@
A-@-@-
The the the allowed the the
The
And and
The
Remove-@-@
A the.
The
Enable for for for for for
The
A
A: The a: The the a:
The
% s% s:% s
Play
% s:% s:.
Remove-@-@
Invalid-@-@
%:%:% B:% B:% B
A a a a a a a a
[
You the the the.
A the
The
Install
You and and and
A a a
Play
The:%:% s:% s:% s:% s
Move the:

Invalid
Invalid the
The
Remove-@-@-@-@
The
%:%:%:%:%::% s:
The
Remove the and
A a a a
Remove
% s:% s (% s (% s (% s
The:
Unable to
The for for for
% s% s% s
You the a a a a the a the.
Remove the
A the a a a a the a the a
The
A the-@-@-@-@
A a and and
% B%
The the for for for for
The

A for for for for
Play
The
% s
A a a a a a a a a the-

The-@-@-
% s% s
The
A the the the the

[[[[[[[[[[[[[[[[.
The
The-
A-@-@
The the the the
Remove
Remove
The-@-@-@-@
Play the-


The


Remove
Install
The the the of the of the
A (a ((((
The
And and and and and and and and
A
Remove-
% s% s:% s
Remove
The
Remove of
% B% B% s%.
A-@-@-@-@
The
A a a
Error:
%:% s:% s:% s
The the
Cannot the
A-
The
A a a a a
A
A
Remove the-
The
The
%:% s:% s
A a a a a the the the and
The the of the of of.
The
Remove-
A the-@-@
The the the the the the the the the the the the
A [[[[[[[[.
Error to {
Play the-@-@-@-@-@-@-@-@
::
The
% s:% s:% s:.
The
% s
The
A a:
The the-@-@-@-@-
The
%%%%%%.
% s:% s
The
[[[[[[[[
A a for for for the the of

The the
A for for for
A for for for
The-@-@
And and
The the
%:%:%:%:%:%:%
You to to to
The-@-@
% s% s% s.
The the the
The
The the the a the
The
A a a a a the of
The
A a
A
The-
% s% s% s% s% s% s
Remove-@-@
The
A-@-@
%:% B:% B:% B
A a a a a

The the the
The the
A for for for for for for for for for for
A-@-@-@-@-
And and and
The
Remove
The: The the the
The to the
Unable

A the:% s:% s

The-@-@

You
The the
% s'% s'% s'% s'% s
The
The
And and and
Install _ _ _
The
% s% s% s% s:% s:% s
The
A

The
Invalid

A a a a a a a the the
Invalid-@-@
A a
A to to to to
% s:% s:.
% s:% s:
The the
Install
[[[[[
The
_ _
The
The-@-@-@-@-
The the the
Remove%
A a a
The
The to
[[[[]

A the
Remove the and
A for for a for a for a a
The the for% s'% s'% s'% s'% s
The the the

_ _
Remove
Invalid
A the a the the and and
A the
Remove-
[-@-@

Install
The the the to the to to to
Remove
Remove-
% s
A for for for for for for
Play
[
Unable to% s
Remove
The-@-@ of
Unable-@-@ of

The-@-@
The (the the
% s for% s
The


The
A the
Warning:

[[[[[
Remove
Unable-@-@-@-@-
The
The
The:
Remove
Unable
A-

_ _
Play the
The: The
The:% s:% s
:% s:% s

The:% s:% s
Remove-
%:% B:% s:% s
A a a a a a a a
