A graphical GNOME game of GNOME
Bwx-console: Unexpected number of bwx.
Try moving-card cards to media
Show keys keys
Ace of hearts
% s was manually installed installed.
Open a New Document game
Super the Super with the extended extended extended service -) - GTK (GTK)
Installation of% s version% s


Read the state's control
-Chart
Install software packages, remove and update software
% s could not be% s
_ files files
EMusic import
This package does not be installed to be installed
Digital oscilloscope framework (the track of framework)
Source:
% A has both ["% A 'in% A' in% A 'in% B]
File
Downloads downloads
Play a simulator simulator
File
Move what whether and same your screen view
Connect to the MIDI and MIDI applications and manage
File
Enabled
The GNU file manager
Error:% B was for compiled compiled, whereas% B for more compiled, input compiled
Emacs-based Emacs
Edit SLUDGE SLUDGE edit
Connected
Could not supported supported supported
File
A lightweight file manager
Set-tags, the contents of the contents
File
Cancel the installation of% s.
Play a dynamic and more more than more than as the system
Set Banshee as default
Builds
No new songs songs for {0}.
-based
3D simulation of the 3D by a 3D-time. See a 3D-time.
The option "% key: 1" can not be changed.
Invalid hint "% s": Action expected, but found nothing.
Internal error, something broken something
File
Server version:% s; host:% s
A free-platform devices for V4L2 devices devices
[% i%%]

Invalid invalid option first; it should be should be used: Or it:
Photos
By:
File
Is enabled
The following packages conflict with% B% s% b:
The key "% key: 1" does not take any parameters when prefixed.
System problem state
Toggle view album Cover
Folder Folder the context
_ Game:
Trusted keys
File
System problem state
_ about
Argument
Keyboard with the grid with Development
File
Twitter
File
Failed to connect to remote key
Configure X11 over
Control-F
Quake II
% B: Unknown relocation type% d
Set the Gstreamer for Gstreamer applications
Bacula could not have a problem, it will not be running.
File was not found:% s
Packages, the never automatically removed packages
Failed to get a file with:% s
Device record% s already exists
File
Invalid response. Please enter a command or command?
Connected with Last.fm.
Configure your L2TP L2TP VPN game
File
Failed to command the command "% s" failed.
You are searching for a queen.
File
This music Sharing will be required from iTunes or new packages.
Browse your music...
Run :-register got got
Super 2 2
Listen to Last.fm Radio
Place the six of hearts next to the five of hearts.
File
This is free of software. You are high and you will be installed and will be installed.
File
3D chess
Display, or, or hide or hide
The table of the table of the the Amazon
Flickr for Volume-Tool
There is an a section of section which not found.
Change and play your play
You have wins.
Audio color Tool
Application
% s has no set entry in the override list
_ Folder Folder Folder...
Help [working] [pattern...]
File
A Qt-Qt GUI for JACK audio audio
Qt-up-file Manager for downloaded / etc files
File
A Mail of a mail
Q
Move ~ a onto the king of clubs.
Graphical user interface for the open software open software.
A Qt4-frontend for the program GUI
Search this artist to Wikipedia
System problem state
Ibus-like Preferences
System application
BitTorrent Client
Manage to Web applications simulation simulation simulation
Unsupported reloc type
Current
Bit it is sample.
Keyboard size (the)
File
System problem state
% s: Option -% c:% s at character% d
Music Player for Player devices devices
Preferences for the system settings
Remove the two of hearts.
Options:
Base Card:
Hardware support
The following packages will be automatically:
File
Could not find any _ key
Video-version:
Is not supported
% s dependencies
% B: Unexpected relocation type% u in .opd section
"" To the "package" build.
You are in a package! --More--
Check all podcasts to new episodes

Unity 2D 2D
The directory "% file: 1" can not be opened for reading.
Install
Extra Audio Applications
File
File not in Catalog:% s

Hold
Remove the jack of hearts.
Hold
Version of:
Information about aptitude
To the packages packages too packages
Sort album:
MIDI / Audio sequencer and and MIDI
# broken
Invalid response. Please enter "or" or "n."
-based
New Slot is:% d
Configure a simple editor for configure processes
Select the selected package is installing or update
Failed [-n] [+ N _ BAR _ -N]
File
To the menu
A 2D game in the 2D game
No more solutions.
File
You can only the changelogs of official Debian packages;% s.
File
Make _ BAR: Unable to range '% d' out of range
Q
% s will be configured
The while while a single package and an input package and a different-like game.
The encoding "% encod: 1" is not known.
File
File
System problem state
CDs
File
The next solution to the yet solution to another.
Desktop for process program
File command:% s
Set the order of the elements
Card application
KDE KDE KDE
Advanced video application
Please enter your your% s-up a
CD / DVD '% s'
Design a Volume name.
View you want to view your system
New data CD Project
File
_ actions
The current whether of playback

Place% s to% s.

E-report-report-report-report-report and Mail
Root

% B: Unable [accept [12] because .idata $5 $5
File
Change your and computer settings
List (the program-up)
File
Show tab for the control version
File
ARC proxy generator
File Type
OpenGL in Game
-based
System Editor
Create and create image image files
New ^ main Browser
File
File Type
& file
This does not display this package.
The game item has been used with a fast-engine. It will be engine to the Spring engine.
BibleTime interface for Bibledit
New New-CD Project Project

Check for Updates
And
File

Invalid instruction.
File
Tool to write to the program changes
File
Notify
-s, Media #: Buffer of sequencer, non-port port (Client: Port)
File
% s is currently installed and will not be upgraded.
No
% s: Not a loading loading
A IRC IRC Client
Nine of hearts
Channel% s: Control table overflow:% s
'System sandbox sandbox
Sound
You are searching for a ace.
Continue & data
File
Help
Same your files using the Internet Internet
Table used to table
Pages
Warning: Rate is not a: Bad (at input:% i Hz:% i Hz)
DNS failure: ERR

Annotations
IPod will be required
File
The plugin plugin for JACK
File
% B: 0x% lx: Warning: Could not find
File
Files about the file + + network
A KDE KDE
Desktop Folder Folder
Install% s [% s (% s)]
Version of:
Cancel this action
Graphical user interface for playback
Solution% s of% s.
Place a card to the foundation.
~ _ Audio

Address

Game about the game and monitor
% sB will be freed
Sandbox a sandbox of multiple applications for multiple
All
Load load of this% s / resource
Processes processes for all processes
No ^
Current artist
Unknown priority% s
A GNOME program to use of the following type
% B: Section '% A' cannot be in segment% d
Configure the GNOME shell
But% s is already installed
File
Last.fm is not to {0}.

Storage [working] [-p] [-p] [name...]
File
KDE KDE Editor
Package Manager
In the artist < < < > < value >
System problem state
File Author Editor
Create simple-functions functions from data data
No connection music Sharing
Bad record: No array array symbol '% s' in '% s'
% B (% A + 0x% lx): R _ ARM _ ARM _ not allowed in TLS _ not allowed
File

Unable to set "% s"
Read the configuration file does not possible
Mixer

List (with ALSA support)
Five Foundations
Your and display your network!! For your and notifications! For more!
Game
-IDE
Keep% s in version% s is preferred over all un-accepted alternatives.
Source your source Simulator Simulator
File
MIDI messages with JACK
Need to get% sB of% sB of% sB.
-Up Volume Manager
File
A simple video simple
Preview:
% B: Gp relative relocation against dynamic symbol% s
Sound program to be downgraded
Open in mode
List of.
& aborting
A fast-like game
Basic format
Title
KDE view item your Editor
File
Read
Rate:% d Hz,
There does not found, but not found to this this, failed
Place the five of spades next to the four of spades.
File
File System Game
Connect to a source Server

Cannot create -f] [-v] [new...]
Similar to {0}
Graphical user interface to an removed Transmission service
Candidate:
File
% s: Unable to set entry in shared in shared format.
File
Cannot make command cannot be% s
File
Optimized hardware acceleration of OpenGL with previous NVIDIA cards
Manage your system in a-environment environment
File
% n% b the left of archives.
Unable to stat% s
File
[Working symbol]
A Applet of the desktop system
Error opening Mixer row '% s'
Between different different Player
A Editor for chemical chemical chemical
Tool for the program system tool
Change login password
Continue and data analysis
Objects on their screen
Channel% s: Cannot get:% d
Client record not found in Catalog
GNOME System Monitor
Keep% s in version% s is rejected.
Puzzle, the puzzle game on selected network
File
Press press to a other sound.
File
Forget-report, which packages are 'new'
File
Missing ')
Title
Gmail notify
Line override% s line% s # 1
Audio UNIX UNIX Manager
File
Queen of clubs
Warning:% B and% B, whether the code of code for the compiled compiled
A fast-scrolling game
Waiting is used to the value of this value on this option, the option. See this option.
Remove the jack
Unexpected token)
NVIDIA binary driver for X.Org (current]) [working])
The tool tool to the table of the window-platform-up of the screen
Browse the Internet and your documents
File
,
Make _ package _ view: ERR in arguments in multiple??
^ Audio
PCB application

Create a create failed:% s

Banshee Banshee

Y
Too the removal of the system
Could not open "% s" to writing "% s."
File
File
Use and more more more more
Could not find any _ key
File

File
Documents
No 'Pool Pool in Pool "% s" found.
File
Invalid service name
Files in "% s" failed to be restored.
'+ M' to install packages and automatically installed as automatically installed
Three of hearts
Calendar calendar
+ + -- > skipping, no conflict
% s: Invalid name name
Browse domain% s for arguments:
About about
Painting
[Working float]]
File
_ Add Station
Show Last.fm on Last.fm
--show-package-names _ BAR _ BAR _ BAR
By enter software to a source source
Scientific-time us us.
Create new radio create
File
Cancel the sound?
Package [n]
Thumb thumb '% s' for '% s'
Linux calendar and Share
About the next game
Support for "Volume" Browser.
Error fetching row for "% s."
Show the user interface to the current desktop
% B: Symbol '% s' needs it but not exists
Select _ All
System problem state
Frame
There must be at least one package specified to the package problem will be restored.
Send commands to be send
-device device
Invalid service file
Invalid hint "% s": Value for target expected, but found nothing.
Downloading all Episodes
Authentication is required to change your authentication
System problem state
Edit your-files
Open to open% s
A graphical user interface for the PDF PDF
Very the default
Tags
Cancel the removal of% F
Last.fm Station
Test your system with Ubuntu.
Audio files in other formats
Invalid hint "% s": Invalid value for target:% s
The ace of hearts
List (by 0)
Unable to set record for% s, because not installed to remove it.
File
Songs that a or two or more free or more of the currently installed is already by the currently installed

File
The board of the window
Password:

Time [-p] pipeline
File Type
Audio Tracks of your audio CDs CDs
File
File
Search:
System problem state
Slot
Create images images
W:% s with 'stat'
_ Queue
No choices to too
No storage: Cannot set
Invalid record in wrong: "% s"
Read:% s
% P:% B,: Relocation in the section '% A'.
Error adding address:% s
The LaTeX LaTeX Editor
Error:% B uses job instructions,% B does not
Play a Game game similar to the same
